#
# There is insufficient memory for the Java Runtime Environment to continue.
# Native memory allocation (mmap) failed to map 27262976 bytes for Failed to commit area from 0x0000000089e00000 to 0x000000008b800000 of length 27262976.
# Possible reasons:
#   The system is out of physical RAM or swap space
#   The process is running with CompressedOops enabled, and the Java Heap may be blocking the growth of the native heap
# Possible solutions:
#   Reduce memory load on the system
#   Increase physical memory or swap space
#   Check if swap backing store is full
#   Decrease Java heap size (-Xmx/-Xms)
#   Decrease number of Java threads
#   Decrease Java thread stack sizes (-Xss)
#   Set larger code cache with -XX:ReservedCodeCacheSize=
#   JVM is running with Unscaled Compressed Oops mode in which the Java heap is
#     placed in the first 4GB address space. The Java Heap base address is the
#     maximum limit for the native heap growth. Please use -XX:HeapBaseMinAddress
#     to set the Java Heap base and to place the Java Heap above 4GB virtual address.
# This output file may be truncated or incomplete.
#
#  Out of Memory Error (t:/workspace/open/src/hotspot/os/windows/os_windows.cpp:3254), pid=5036, tid=9872
#
# JRE version: OpenJDK Runtime Environment (12.0.1+12) (build 12.0.1+12)
# Java VM: OpenJDK 64-Bit Server VM (12.0.1+12, mixed mode, sharing, tiered, compressed oops, g1 gc, windows-amd64)
# No core dump will be written. Minidumps are not enabled by default on client versions of Windows
#

---------------  S U M M A R Y ------------

Command Line: -Dcom.sun.management.jmxremote -Dcom.sun.management.jmxremote.port=56832 -Dcom.sun.management.jmxremote.authenticate=false -Dcom.sun.management.jmxremote.ssl=false -Djava.rmi.server.hostname=localhost -Dspring.jmx.enabled=true -Dspring.application.admin.enabled=true -XX:TieredStopAtLevel=1 -Dspring.boot.project.name=apiSecurity -Dfile.encoding=UTF-8 com.security.demo.ApiSecurityApplication --spring.output.ansi.enabled=always

Host: Intel(R) Core(TM) i7-3537U CPU @ 2.00GHz, 4 cores, 7G,  Windows 10 , 64 bit Build 19041 (10.0.19041.928)
Time: Mon Jul  5 18:25:53 2021 Hora oficial do Brasil elapsed time: 9 seconds (0d 0h 0m 9s)

---------------  T H R E A D  ---------------

Current thread (0x00000110ed148000):  VMThread "VM Thread" [stack: 0x0000000eeb300000,0x0000000eeb400000] [id=9872]

Stack: [0x0000000eeb300000,0x0000000eeb400000]
[error occurred during error reporting (printing stack bounds), id 0xc0000005, EXCEPTION_ACCESS_VIOLATION (0xc0000005) at pc=0x00000110d71c0bad]

Native frames: (J=compiled Java code, j=interpreted, Vv=VM code, C=native code)
V  [jvm.dll+0x63918a]
V  [jvm.dll+0x78b0df]
V  [jvm.dll+0x78c781]
V  [jvm.dll+0x78cd35]
V  [jvm.dll+0x78cceb]
V  [jvm.dll+0x638894]
V  [jvm.dll+0x638c58]
C  [ntdll.dll+0xa217f]
C  [ntdll.dll+0x51454]
C  [ntdll.dll+0xa0cae]
C  0x00000110d71c0bad

VM_Operation (0x0000000eec9fd6f0): G1CollectForAllocation, mode: safepoint, requested by thread 0x00000110ee53b800


---------------  P R O C E S S  ---------------

Threads class SMR info:
_java_thread_list=0x00000110ee636440, length=19, elements={
0x00000110cedb1800, 0x00000110ed14b800, 0x00000110ed14d800, 0x00000110ed165800,
0x00000110ed166800, 0x00000110ed169800, 0x00000110ed19a000, 0x00000110cee8d000,
0x00000110edba5800, 0x00000110ee020800, 0x00000110ee063800, 0x00000110ee0b4800,
0x00000110ee125800, 0x00000110ee37a800, 0x00000110ee3a5800, 0x00000110ee3b7000,
0x00000110ee4b2000, 0x00000110ee4de800, 0x00000110ee53b800
}

Java Threads: ( => current thread )
  0x00000110cedb1800 JavaThread "main" [_thread_blocked, id=10856, stack(0x0000000eead00000,0x0000000eeae00000)]
  0x00000110ed14b800 JavaThread "Reference Handler" daemon [_thread_blocked, id=7820, stack(0x0000000eeb400000,0x0000000eeb500000)]
  0x00000110ed14d800 JavaThread "Finalizer" daemon [_thread_blocked, id=6392, stack(0x0000000eeb500000,0x0000000eeb600000)]
  0x00000110ed165800 JavaThread "Signal Dispatcher" daemon [_thread_blocked, id=8540, stack(0x0000000eeb600000,0x0000000eeb700000)]
  0x00000110ed166800 JavaThread "Attach Listener" daemon [_thread_blocked, id=12092, stack(0x0000000eeb700000,0x0000000eeb800000)]
  0x00000110ed169800 JavaThread "C1 CompilerThread0" daemon [_thread_blocked, id=6308, stack(0x0000000eeb800000,0x0000000eeb900000)]
  0x00000110ed19a000 JavaThread "Sweeper thread" daemon [_thread_blocked, id=7348, stack(0x0000000eeb900000,0x0000000eeba00000)]
  0x00000110cee8d000 JavaThread "Common-Cleaner" daemon [_thread_blocked, id=604, stack(0x0000000eeba00000,0x0000000eebb00000)]
  0x00000110edba5800 JavaThread "Service Thread" daemon [_thread_blocked, id=6864, stack(0x0000000eebb00000,0x0000000eebc00000)]
  0x00000110ee020800 JavaThread "RMI TCP Accept-0" daemon [_thread_in_native, id=10620, stack(0x0000000eebf00000,0x0000000eec000000)]
  0x00000110ee063800 JavaThread "RMI TCP Accept-56832" daemon [_thread_in_native, id=11984, stack(0x0000000eec000000,0x0000000eec100000)]
  0x00000110ee0b4800 JavaThread "RMI TCP Accept-0" daemon [_thread_in_native, id=10772, stack(0x0000000eec100000,0x0000000eec200000)]
  0x00000110ee125800 JavaThread "RMI TCP Connection(1)-127.0.0.1" daemon [_thread_in_native, id=10960, stack(0x0000000eec300000,0x0000000eec400000)]
  0x00000110ee37a800 JavaThread "RMI TCP Connection(2)-127.0.0.1" daemon [_thread_in_native, id=6456, stack(0x0000000eec400000,0x0000000eec500000)]
  0x00000110ee3a5800 JavaThread "RMI Scheduler(0)" daemon [_thread_blocked, id=11120, stack(0x0000000eec500000,0x0000000eec600000)]
  0x00000110ee3b7000 JavaThread "JMX server connection timeout 19" daemon [_thread_blocked, id=8116, stack(0x0000000eec600000,0x0000000eec700000)]
  0x00000110ee4b2000 JavaThread "Thread-0" [_thread_blocked, id=2308, stack(0x0000000eec700000,0x0000000eec800000)]
  0x00000110ee4de800 JavaThread "restartedMain" [_thread_blocked, id=1668, stack(0x0000000eec800000,0x0000000eec900000)]
  0x00000110ee53b800 JavaThread "background-preinit" [_thread_blocked, id=7012, stack(0x0000000eec900000,0x0000000eeca00000)]

Other Threads:
=>0x00000110ed148000 VMThread "VM Thread" [stack: 0x0000000eeb300000,0x0000000eeb400000] [id=9872]
  0x00000110ee0ba000 WatcherThread [stack: 0x0000000eec200000,0x0000000eec300000] [id=5684]
  0x00000110cedf2000 GCTaskThread "GC Thread#0" [stack: 0x0000000eeae00000,0x0000000eeaf00000] [id=8120]
  0x00000110ee009800 GCTaskThread "GC Thread#1" [stack: 0x0000000eebd00000,0x0000000eebe00000] [id=10308]
  0x00000110ee00a000 GCTaskThread "GC Thread#2" [stack: 0x0000000eebe00000,0x0000000eebf00000] [id=12064]
  0x00000110eefc2000 GCTaskThread "GC Thread#3" [stack: 0x0000000eeca00000,0x0000000eecb00000] [id=5048]
  0x00000110cee01800 ConcurrentGCThread "G1 Main Marker" [stack: 0x0000000eeaf00000,0x0000000eeb000000] [id=1548]
  0x00000110cee03000 ConcurrentGCThread "G1 Conc#0" [stack: 0x0000000eeb000000,0x0000000eeb100000] [id=1252]
  0x00000110cee85000 ConcurrentGCThread "G1 Refine#0" [stack: 0x0000000eeb100000,0x0000000eeb200000] [id=8032]
  0x00000110ecfd0800 ConcurrentGCThread "G1 Young RemSet Sampling" [stack: 0x0000000eeb200000,0x0000000eeb300000] [id=8364]

Threads with active compile tasks:

VM state:at safepoint (normal execution)

VM Mutex/Monitor currently owned by a thread:  ([mutex/lock_event])
[0x00000110cedae100] Threads_lock - owner thread: 0x00000110ed148000
[0x00000110cedaedf0] Heap_lock - owner thread: 0x00000110ee53b800

Heap address: 0x0000000082000000, size: 2016 MB, Compressed Oops mode: 32-bit
Narrow klass base: 0x0000000800000000, Narrow klass shift: 3
Compressed class space size: 1073741824 Address: 0x00000008011a0000

Heap:
 garbage-first heap   total 155648K, used 10901K [0x0000000082000000, 0x0000000100000000)
  region size 1024K, 5 young (5120K), 5 survivors (5120K)
 Metaspace       used 15087K, capacity 15817K, committed 16000K, reserved 1062912K
  class space    used 2136K, capacity 2407K, committed 2432K, reserved 1048576K
Heap Regions: E=young(eden), S=young(survivor), O=old, HS=humongous(starts), HC=humongous(continues), CS=collection set, F=free, A=archive, TAMS=top-at-mark-start (previous, next)
|   0|0x0000000082000000, 0x0000000082100000, 0x0000000082100000|100%|HS|  |TAMS 0x0000000082000000, 0x0000000082000000| Complete 
|   1|0x0000000082100000, 0x0000000082200000, 0x0000000082200000|100%| O|  |TAMS 0x0000000082100000, 0x0000000082100000| Untracked 
|   2|0x0000000082200000, 0x0000000082300000, 0x0000000082300000|100%| O|  |TAMS 0x0000000082200000, 0x0000000082200000| Untracked 
|   3|0x0000000082300000, 0x0000000082400000, 0x0000000082400000|100%| O|  |TAMS 0x0000000082300000, 0x0000000082300000| Untracked 
|   4|0x0000000082400000, 0x0000000082500000, 0x0000000082500000|100%| O|  |TAMS 0x0000000082400000, 0x0000000082400000| Untracked 
|   5|0x0000000082500000, 0x0000000082600000, 0x0000000082600000|100%| O|  |TAMS 0x0000000082500000, 0x0000000082500000| Untracked 
|   6|0x0000000082600000, 0x000000008264b200, 0x0000000082700000| 29%| O|  |TAMS 0x0000000082600000, 0x0000000082600000| Untracked 
|   7|0x0000000082700000, 0x0000000082700000, 0x0000000082800000|  0%| F|  |TAMS 0x0000000082700000, 0x0000000082700000| Untracked 
|   8|0x0000000082800000, 0x0000000082800000, 0x0000000082900000|  0%| F|  |TAMS 0x0000000082800000, 0x0000000082800000| Untracked 
|   9|0x0000000082900000, 0x0000000082900000, 0x0000000082a00000|  0%| F|  |TAMS 0x0000000082900000, 0x0000000082900000| Untracked 
|  10|0x0000000082a00000, 0x0000000082a00000, 0x0000000082b00000|  0%| F|  |TAMS 0x0000000082a00000, 0x0000000082a00000| Untracked 
|  11|0x0000000082b00000, 0x0000000082b00000, 0x0000000082c00000|  0%| F|  |TAMS 0x0000000082b00000, 0x0000000082b00000| Untracked 
|  12|0x0000000082c00000, 0x0000000082c00000, 0x0000000082d00000|  0%| F|  |TAMS 0x0000000082c00000, 0x0000000082c00000| Untracked 
|  13|0x0000000082d00000, 0x0000000082d00000, 0x0000000082e00000|  0%| F|  |TAMS 0x0000000082d00000, 0x0000000082d00000| Untracked 
|  14|0x0000000082e00000, 0x0000000082e00000, 0x0000000082f00000|  0%| F|  |TAMS 0x0000000082e00000, 0x0000000082e00000| Untracked 
|  15|0x0000000082f00000, 0x0000000082f00000, 0x0000000083000000|  0%| F|  |TAMS 0x0000000082f00000, 0x0000000082f00000| Untracked 
|  16|0x0000000083000000, 0x0000000083000000, 0x0000000083100000|  0%| F|  |TAMS 0x0000000083000000, 0x0000000083000000| Untracked 
|  17|0x0000000083100000, 0x0000000083100000, 0x0000000083200000|  0%| F|  |TAMS 0x0000000083100000, 0x0000000083100000| Untracked 
|  18|0x0000000083200000, 0x0000000083200000, 0x0000000083300000|  0%| F|  |TAMS 0x0000000083200000, 0x0000000083200000| Untracked 
|  19|0x0000000083300000, 0x0000000083300000, 0x0000000083400000|  0%| F|  |TAMS 0x0000000083300000, 0x0000000083300000| Untracked 
|  20|0x0000000083400000, 0x0000000083400000, 0x0000000083500000|  0%| F|  |TAMS 0x0000000083400000, 0x0000000083400000| Untracked 
|  21|0x0000000083500000, 0x0000000083500000, 0x0000000083600000|  0%| F|  |TAMS 0x0000000083500000, 0x0000000083500000| Untracked 
|  22|0x0000000083600000, 0x0000000083600000, 0x0000000083700000|  0%| F|  |TAMS 0x0000000083600000, 0x0000000083600000| Untracked 
|  23|0x0000000083700000, 0x0000000083700000, 0x0000000083800000|  0%| F|  |TAMS 0x0000000083700000, 0x0000000083700000| Untracked 
|  24|0x0000000083800000, 0x0000000083800000, 0x0000000083900000|  0%| F|  |TAMS 0x0000000083800000, 0x0000000083800000| Untracked 
|  25|0x0000000083900000, 0x0000000083900000, 0x0000000083a00000|  0%| F|  |TAMS 0x0000000083900000, 0x0000000083900000| Untracked 
|  26|0x0000000083a00000, 0x0000000083a00000, 0x0000000083b00000|  0%| F|  |TAMS 0x0000000083a00000, 0x0000000083a00000| Untracked 
|  27|0x0000000083b00000, 0x0000000083b00000, 0x0000000083c00000|  0%| F|  |TAMS 0x0000000083b00000, 0x0000000083b00000| Untracked 
|  28|0x0000000083c00000, 0x0000000083c00000, 0x0000000083d00000|  0%| F|  |TAMS 0x0000000083c00000, 0x0000000083c00000| Untracked 
|  29|0x0000000083d00000, 0x0000000083d00000, 0x0000000083e00000|  0%| F|  |TAMS 0x0000000083d00000, 0x0000000083d00000| Untracked 
|  30|0x0000000083e00000, 0x0000000083e00000, 0x0000000083f00000|  0%| F|  |TAMS 0x0000000083e00000, 0x0000000083e00000| Untracked 
|  31|0x0000000083f00000, 0x0000000083f00000, 0x0000000084000000|  0%| F|  |TAMS 0x0000000083f00000, 0x0000000083f00000| Untracked 
|  32|0x0000000084000000, 0x0000000084000000, 0x0000000084100000|  0%| F|  |TAMS 0x0000000084000000, 0x0000000084000000| Untracked 
|  33|0x0000000084100000, 0x0000000084100000, 0x0000000084200000|  0%| F|  |TAMS 0x0000000084100000, 0x0000000084100000| Untracked 
|  34|0x0000000084200000, 0x0000000084200000, 0x0000000084300000|  0%| F|  |TAMS 0x0000000084200000, 0x0000000084200000| Untracked 
|  35|0x0000000084300000, 0x0000000084300000, 0x0000000084400000|  0%| F|  |TAMS 0x0000000084300000, 0x0000000084300000| Untracked 
|  36|0x0000000084400000, 0x0000000084400000, 0x0000000084500000|  0%| F|  |TAMS 0x0000000084400000, 0x0000000084400000| Untracked 
|  37|0x0000000084500000, 0x0000000084500000, 0x0000000084600000|  0%| F|  |TAMS 0x0000000084500000, 0x0000000084500000| Untracked 
|  38|0x0000000084600000, 0x0000000084600000, 0x0000000084700000|  0%| F|  |TAMS 0x0000000084600000, 0x0000000084600000| Untracked 
|  39|0x0000000084700000, 0x0000000084700000, 0x0000000084800000|  0%| F|  |TAMS 0x0000000084700000, 0x0000000084700000| Untracked 
|  40|0x0000000084800000, 0x0000000084800000, 0x0000000084900000|  0%| F|  |TAMS 0x0000000084800000, 0x0000000084800000| Untracked 
|  41|0x0000000084900000, 0x0000000084900000, 0x0000000084a00000|  0%| F|  |TAMS 0x0000000084900000, 0x0000000084900000| Untracked 
|  42|0x0000000084a00000, 0x0000000084a00000, 0x0000000084b00000|  0%| F|  |TAMS 0x0000000084a00000, 0x0000000084a00000| Untracked 
|  43|0x0000000084b00000, 0x0000000084b00000, 0x0000000084c00000|  0%| F|  |TAMS 0x0000000084b00000, 0x0000000084b00000| Untracked 
|  44|0x0000000084c00000, 0x0000000084c00000, 0x0000000084d00000|  0%| F|  |TAMS 0x0000000084c00000, 0x0000000084c00000| Untracked 
|  45|0x0000000084d00000, 0x0000000084d00000, 0x0000000084e00000|  0%| F|  |TAMS 0x0000000084d00000, 0x0000000084d00000| Untracked 
|  46|0x0000000084e00000, 0x0000000084e00000, 0x0000000084f00000|  0%| F|  |TAMS 0x0000000084e00000, 0x0000000084e00000| Untracked 
|  47|0x0000000084f00000, 0x0000000084f00000, 0x0000000085000000|  0%| F|  |TAMS 0x0000000084f00000, 0x0000000084f00000| Untracked 
|  48|0x0000000085000000, 0x000000008505a380, 0x0000000085100000| 35%| S|CS|TAMS 0x0000000085000000, 0x0000000085000000| Complete 
|  49|0x0000000085100000, 0x0000000085200000, 0x0000000085200000|100%| S|CS|TAMS 0x0000000085100000, 0x0000000085100000| Complete 
|  50|0x0000000085200000, 0x0000000085300000, 0x0000000085300000|100%| S|CS|TAMS 0x0000000085200000, 0x0000000085200000| Complete 
|  51|0x0000000085300000, 0x0000000085400000, 0x0000000085400000|100%| S|CS|TAMS 0x0000000085300000, 0x0000000085300000| Complete 
|  52|0x0000000085400000, 0x0000000085500000, 0x0000000085500000|100%| S|CS|TAMS 0x0000000085400000, 0x0000000085400000| Complete 
|  53|0x0000000085500000, 0x0000000085500000, 0x0000000085600000|  0%| F|  |TAMS 0x0000000085500000, 0x0000000085500000| Untracked 
|  54|0x0000000085600000, 0x0000000085600000, 0x0000000085700000|  0%| F|  |TAMS 0x0000000085600000, 0x0000000085600000| Untracked 
|  55|0x0000000085700000, 0x0000000085700000, 0x0000000085800000|  0%| F|  |TAMS 0x0000000085700000, 0x0000000085700000| Untracked 
|  56|0x0000000085800000, 0x0000000085800000, 0x0000000085900000|  0%| F|  |TAMS 0x0000000085800000, 0x0000000085800000| Untracked 
|  57|0x0000000085900000, 0x0000000085900000, 0x0000000085a00000|  0%| F|  |TAMS 0x0000000085900000, 0x0000000085900000| Untracked 
|  58|0x0000000085a00000, 0x0000000085a00000, 0x0000000085b00000|  0%| F|  |TAMS 0x0000000085a00000, 0x0000000085a00000| Untracked 
|  59|0x0000000085b00000, 0x0000000085b00000, 0x0000000085c00000|  0%| F|  |TAMS 0x0000000085b00000, 0x0000000085b00000| Untracked 
|  60|0x0000000085c00000, 0x0000000085c00000, 0x0000000085d00000|  0%| F|  |TAMS 0x0000000085c00000, 0x0000000085c00000| Untracked 
|  61|0x0000000085d00000, 0x0000000085d00000, 0x0000000085e00000|  0%| F|  |TAMS 0x0000000085d00000, 0x0000000085d00000| Untracked 
|  62|0x0000000085e00000, 0x0000000085e00000, 0x0000000085f00000|  0%| F|  |TAMS 0x0000000085e00000, 0x0000000085e00000| Untracked 
|  63|0x0000000085f00000, 0x0000000085f00000, 0x0000000086000000|  0%| F|  |TAMS 0x0000000085f00000, 0x0000000085f00000| Untracked 
|  64|0x0000000086000000, 0x0000000086000000, 0x0000000086100000|  0%| F|  |TAMS 0x0000000086000000, 0x0000000086000000| Untracked 
|  65|0x0000000086100000, 0x0000000086100000, 0x0000000086200000|  0%| F|  |TAMS 0x0000000086100000, 0x0000000086100000| Untracked 
|  66|0x0000000086200000, 0x0000000086200000, 0x0000000086300000|  0%| F|  |TAMS 0x0000000086200000, 0x0000000086200000| Untracked 
|  67|0x0000000086300000, 0x0000000086300000, 0x0000000086400000|  0%| F|  |TAMS 0x0000000086300000, 0x0000000086300000| Untracked 
|  68|0x0000000086400000, 0x0000000086400000, 0x0000000086500000|  0%| F|  |TAMS 0x0000000086400000, 0x0000000086400000| Untracked 
|  69|0x0000000086500000, 0x0000000086500000, 0x0000000086600000|  0%| F|  |TAMS 0x0000000086500000, 0x0000000086500000| Untracked 
|  70|0x0000000086600000, 0x0000000086600000, 0x0000000086700000|  0%| F|  |TAMS 0x0000000086600000, 0x0000000086600000| Untracked 
|  71|0x0000000086700000, 0x0000000086700000, 0x0000000086800000|  0%| F|  |TAMS 0x0000000086700000, 0x0000000086700000| Untracked 
|  72|0x0000000086800000, 0x0000000086800000, 0x0000000086900000|  0%| F|  |TAMS 0x0000000086800000, 0x0000000086800000| Untracked 
|  73|0x0000000086900000, 0x0000000086900000, 0x0000000086a00000|  0%| F|  |TAMS 0x0000000086900000, 0x0000000086900000| Untracked 
|  74|0x0000000086a00000, 0x0000000086a00000, 0x0000000086b00000|  0%| F|  |TAMS 0x0000000086a00000, 0x0000000086a00000| Untracked 
|  75|0x0000000086b00000, 0x0000000086b00000, 0x0000000086c00000|  0%| F|  |TAMS 0x0000000086b00000, 0x0000000086b00000| Untracked 
|  76|0x0000000086c00000, 0x0000000086c00000, 0x0000000086d00000|  0%| F|  |TAMS 0x0000000086c00000, 0x0000000086c00000| Untracked 
|  77|0x0000000086d00000, 0x0000000086d00000, 0x0000000086e00000|  0%| F|  |TAMS 0x0000000086d00000, 0x0000000086d00000| Untracked 
|  78|0x0000000086e00000, 0x0000000086e00000, 0x0000000086f00000|  0%| F|  |TAMS 0x0000000086e00000, 0x0000000086e00000| Untracked 
|  79|0x0000000086f00000, 0x0000000086f00000, 0x0000000087000000|  0%| F|  |TAMS 0x0000000086f00000, 0x0000000086f00000| Untracked 
|  80|0x0000000087000000, 0x0000000087000000, 0x0000000087100000|  0%| F|  |TAMS 0x0000000087000000, 0x0000000087000000| Untracked 
|  81|0x0000000087100000, 0x0000000087100000, 0x0000000087200000|  0%| F|  |TAMS 0x0000000087100000, 0x0000000087100000| Untracked 
|  82|0x0000000087200000, 0x0000000087200000, 0x0000000087300000|  0%| F|  |TAMS 0x0000000087200000, 0x0000000087200000| Untracked 
|  83|0x0000000087300000, 0x0000000087300000, 0x0000000087400000|  0%| F|  |TAMS 0x0000000087300000, 0x0000000087300000| Untracked 
|  84|0x0000000087400000, 0x0000000087400000, 0x0000000087500000|  0%| F|  |TAMS 0x0000000087400000, 0x0000000087400000| Untracked 
|  85|0x0000000087500000, 0x0000000087500000, 0x0000000087600000|  0%| F|  |TAMS 0x0000000087500000, 0x0000000087500000| Untracked 
|  86|0x0000000087600000, 0x0000000087600000, 0x0000000087700000|  0%| F|  |TAMS 0x0000000087600000, 0x0000000087600000| Untracked 
|  87|0x0000000087700000, 0x0000000087700000, 0x0000000087800000|  0%| F|  |TAMS 0x0000000087700000, 0x0000000087700000| Untracked 
|  88|0x0000000087800000, 0x0000000087800000, 0x0000000087900000|  0%| F|  |TAMS 0x0000000087800000, 0x0000000087800000| Untracked 
|  89|0x0000000087900000, 0x0000000087900000, 0x0000000087a00000|  0%| F|  |TAMS 0x0000000087900000, 0x0000000087900000| Untracked 
|  90|0x0000000087a00000, 0x0000000087a00000, 0x0000000087b00000|  0%| F|  |TAMS 0x0000000087a00000, 0x0000000087a00000| Untracked 
|  91|0x0000000087b00000, 0x0000000087b00000, 0x0000000087c00000|  0%| F|  |TAMS 0x0000000087b00000, 0x0000000087b00000| Untracked 
|  92|0x0000000087c00000, 0x0000000087c00000, 0x0000000087d00000|  0%| F|  |TAMS 0x0000000087c00000, 0x0000000087c00000| Untracked 
|  93|0x0000000087d00000, 0x0000000087d00000, 0x0000000087e00000|  0%| F|  |TAMS 0x0000000087d00000, 0x0000000087d00000| Untracked 
|  94|0x0000000087e00000, 0x0000000087e00000, 0x0000000087f00000|  0%| F|  |TAMS 0x0000000087e00000, 0x0000000087e00000| Untracked 
|  95|0x0000000087f00000, 0x0000000087f00000, 0x0000000088000000|  0%| F|  |TAMS 0x0000000087f00000, 0x0000000087f00000| Untracked 
|  96|0x0000000088000000, 0x0000000088000000, 0x0000000088100000|  0%| F|  |TAMS 0x0000000088000000, 0x0000000088000000| Untracked 
|  97|0x0000000088100000, 0x0000000088100000, 0x0000000088200000|  0%| F|  |TAMS 0x0000000088100000, 0x0000000088100000| Untracked 
|  98|0x0000000088200000, 0x0000000088200000, 0x0000000088300000|  0%| F|  |TAMS 0x0000000088200000, 0x0000000088200000| Untracked 
|  99|0x0000000088300000, 0x0000000088300000, 0x0000000088400000|  0%| F|  |TAMS 0x0000000088300000, 0x0000000088300000| Untracked 
| 100|0x0000000088400000, 0x0000000088400000, 0x0000000088500000|  0%| F|  |TAMS 0x0000000088400000, 0x0000000088400000| Untracked 
| 101|0x0000000088500000, 0x0000000088500000, 0x0000000088600000|  0%| F|  |TAMS 0x0000000088500000, 0x0000000088500000| Untracked 
| 102|0x0000000088600000, 0x0000000088600000, 0x0000000088700000|  0%| F|  |TAMS 0x0000000088600000, 0x0000000088600000| Untracked 
| 103|0x0000000088700000, 0x0000000088700000, 0x0000000088800000|  0%| F|  |TAMS 0x0000000088700000, 0x0000000088700000| Untracked 
| 104|0x0000000088800000, 0x0000000088800000, 0x0000000088900000|  0%| F|  |TAMS 0x0000000088800000, 0x0000000088800000| Untracked 
| 105|0x0000000088900000, 0x0000000088900000, 0x0000000088a00000|  0%| F|  |TAMS 0x0000000088900000, 0x0000000088900000| Untracked 
| 106|0x0000000088a00000, 0x0000000088a00000, 0x0000000088b00000|  0%| F|  |TAMS 0x0000000088a00000, 0x0000000088a00000| Untracked 
| 107|0x0000000088b00000, 0x0000000088b00000, 0x0000000088c00000|  0%| F|  |TAMS 0x0000000088b00000, 0x0000000088b00000| Untracked 
| 108|0x0000000088c00000, 0x0000000088c00000, 0x0000000088d00000|  0%| F|  |TAMS 0x0000000088c00000, 0x0000000088c00000| Untracked 
| 109|0x0000000088d00000, 0x0000000088d00000, 0x0000000088e00000|  0%| F|  |TAMS 0x0000000088d00000, 0x0000000088d00000| Untracked 
| 110|0x0000000088e00000, 0x0000000088e00000, 0x0000000088f00000|  0%| F|  |TAMS 0x0000000088e00000, 0x0000000088e00000| Untracked 
| 111|0x0000000088f00000, 0x0000000088f00000, 0x0000000089000000|  0%| F|  |TAMS 0x0000000088f00000, 0x0000000088f00000| Untracked 
| 112|0x0000000089000000, 0x0000000089000000, 0x0000000089100000|  0%| F|  |TAMS 0x0000000089000000, 0x0000000089000000| Untracked 
| 113|0x0000000089100000, 0x0000000089100000, 0x0000000089200000|  0%| F|  |TAMS 0x0000000089100000, 0x0000000089100000| Untracked 
| 114|0x0000000089200000, 0x0000000089200000, 0x0000000089300000|  0%| F|  |TAMS 0x0000000089200000, 0x0000000089200000| Untracked 
| 115|0x0000000089300000, 0x0000000089300000, 0x0000000089400000|  0%| F|  |TAMS 0x0000000089300000, 0x0000000089300000| Untracked 
| 116|0x0000000089400000, 0x0000000089400000, 0x0000000089500000|  0%| F|  |TAMS 0x0000000089400000, 0x0000000089400000| Untracked 
| 117|0x0000000089500000, 0x0000000089500000, 0x0000000089600000|  0%| F|  |TAMS 0x0000000089500000, 0x0000000089500000| Untracked 
| 118|0x0000000089600000, 0x0000000089600000, 0x0000000089700000|  0%| F|  |TAMS 0x0000000089600000, 0x0000000089600000| Untracked 
| 119|0x0000000089700000, 0x0000000089700000, 0x0000000089800000|  0%| F|  |TAMS 0x0000000089700000, 0x0000000089700000| Untracked 
| 120|0x0000000089800000, 0x0000000089800000, 0x0000000089900000|  0%| F|  |TAMS 0x0000000089800000, 0x0000000089800000| Untracked 
| 121|0x0000000089900000, 0x0000000089900000, 0x0000000089a00000|  0%| F|  |TAMS 0x0000000089900000, 0x0000000089900000| Untracked 
| 122|0x0000000089a00000, 0x0000000089a00000, 0x0000000089b00000|  0%| F|  |TAMS 0x0000000089a00000, 0x0000000089a00000| Untracked 
| 123|0x0000000089b00000, 0x0000000089b00000, 0x0000000089c00000|  0%| F|  |TAMS 0x0000000089b00000, 0x0000000089b00000| Untracked 
| 124|0x0000000089c00000, 0x0000000089c00000, 0x0000000089d00000|  0%| F|  |TAMS 0x0000000089c00000, 0x0000000089c00000| Untracked 
| 125|0x0000000089d00000, 0x0000000089d00000, 0x0000000089e00000|  0%| F|  |TAMS 0x0000000089d00000, 0x0000000089d00000| Untracked 

Card table byte_map: [0x00000110e65b0000,0x00000110e69a0000] _byte_map_base: 0x00000110e61a0000

Marking Bits (Prev, Next): (CMBitMap*) 0x00000110cedf3c88, (CMBitMap*) 0x00000110cedf3cc8
 Prev Bits: [0x00000110e6d90000, 0x00000110e8d10000)
 Next Bits: [0x00000110e8d10000, 0x00000110eac90000)

Polling page: 0x00000110ccd60000

Metaspace:

Usage:
  Non-class:     13.10 MB capacity,    12.65 MB ( 97%) used,   394.98 KB (  3%) free+waste,    64.50 KB ( <1%) overhead. 
      Class:      2.35 MB capacity,     2.09 MB ( 89%) used,   235.45 KB ( 10%) free+waste,    34.75 KB (  1%) overhead. 
       Both:     15.45 MB capacity,    14.73 MB ( 95%) used,   630.42 KB (  4%) free+waste,    99.25 KB ( <1%) overhead. 

Virtual space:
  Non-class space:       14.00 MB reserved,      13.25 MB ( 95%) committed 
      Class space:        1.00 GB reserved,       2.38 MB ( <1%) committed 
             Both:        1.01 GB reserved,      15.63 MB (  2%) committed 

Chunk freelists:
   Non-Class:  3.75 KB
       Class:  3.13 KB
        Both:  6.88 KB

CodeHeap 'non-profiled nmethods': size=238912Kb used=3302Kb max_used=3302Kb free=235609Kb
 bounds [0x00000110d7870000, 0x00000110d7bb0000, 0x00000110e61c0000]
CodeHeap 'non-nmethods': size=6848Kb used=1158Kb max_used=1158Kb free=5689Kb
 bounds [0x00000110d71c0000, 0x00000110d7430000, 0x00000110d7870000]
 total_blobs=2630 nmethods=2135 adapters=405
 compilation: enabled
              stopped_count=0, restarted_count=0
 full_count=0

Compilation events (10 events):
Event: 9.054 Thread 0x00000110ed169800 2145       1       java.lang.invoke.LambdaFormEditor::bindArgumentForm (269 bytes)
Event: 9.060 Thread 0x00000110ed169800 nmethod 2145 0x00000110d7ba6990 code [0x00000110d7ba6cc0, 0x00000110d7ba7a70]
Event: 9.067 Thread 0x00000110ed169800 2146       1       java.lang.reflect.Method::hasGenericInformation (13 bytes)
Event: 9.068 Thread 0x00000110ed169800 nmethod 2146 0x00000110d7ba8290 code [0x00000110d7ba8440, 0x00000110d7ba8598]
Event: 9.070 Thread 0x00000110ed169800 2147       1       java.lang.reflect.Executable::getGenericParameterTypes (20 bytes)
Event: 9.072 Thread 0x00000110ed169800 nmethod 2147 0x00000110d7ba8610 code [0x00000110d7ba8820, 0x00000110d7ba8b10]
Event: 9.072 Thread 0x00000110ed169800 2148       1       java.lang.reflect.Method::getGenericParameterTypes (5 bytes)
Event: 9.076 Thread 0x00000110ed169800 nmethod 2148 0x00000110d7ba8c90 code [0x00000110d7ba8ea0, 0x00000110d7ba94c0]
Event: 9.076 Thread 0x00000110ed169800 2149       1       java.lang.Enum::equals (11 bytes)
Event: 9.076 Thread 0x00000110ed169800 nmethod 2149 0x00000110d7ba9710 code [0x00000110d7ba98c0, 0x00000110d7ba9a18]

GC Heap History (9 events):
Event: 2.427 GC heap before
{Heap before GC invocations=0 (full 0):
 garbage-first heap   total 129024K, used 14336K [0x0000000082000000, 0x0000000100000000)
  region size 1024K, 14 young (14336K), 0 survivors (0K)
 Metaspace       used 2443K, capacity 4731K, committed 4864K, reserved 1056768K
  class space    used 315K, capacity 474K, committed 512K, reserved 1048576K
}
Event: 2.456 GC heap after
{Heap after GC invocations=1 (full 0):
 garbage-first heap   total 129024K, used 6342K [0x0000000082000000, 0x0000000100000000)
  region size 1024K, 2 young (2048K), 2 survivors (2048K)
 Metaspace       used 2443K, capacity 4731K, committed 4864K, reserved 1056768K
  class space    used 315K, capacity 474K, committed 512K, reserved 1048576K
}
Event: 4.884 GC heap before
{Heap before GC invocations=1 (full 0):
 garbage-first heap   total 129024K, used 17606K [0x0000000082000000, 0x0000000100000000)
  region size 1024K, 13 young (13312K), 2 survivors (2048K)
 Metaspace       used 6045K, capacity 6487K, committed 6656K, reserved 1056768K
  class space    used 781K, capacity 900K, committed 1024K, reserved 1048576K
}
Event: 4.905 GC heap after
{Heap after GC invocations=2 (full 0):
 garbage-first heap   total 129024K, used 8021K [0x0000000082000000, 0x0000000100000000)
  region size 1024K, 2 young (2048K), 2 survivors (2048K)
 Metaspace       used 6045K, capacity 6487K, committed 6656K, reserved 1056768K
  class space    used 781K, capacity 900K, committed 1024K, reserved 1048576K
}
Event: 5.644 GC heap before
{Heap before GC invocations=2 (full 0):
 garbage-first heap   total 129024K, used 29525K [0x0000000082000000, 0x0000000100000000)
  region size 1024K, 24 young (24576K), 2 survivors (2048K)
 Metaspace       used 7655K, capacity 8115K, committed 8320K, reserved 1056768K
  class space    used 979K, capacity 1107K, committed 1152K, reserved 1048576K
}
Event: 5.661 GC heap after
{Heap after GC invocations=3 (full 0):
 garbage-first heap   total 129024K, used 8758K [0x0000000082000000, 0x0000000100000000)
  region size 1024K, 3 young (3072K), 3 survivors (3072K)
 Metaspace       used 7655K, capacity 8115K, committed 8320K, reserved 1056768K
  class space    used 979K, capacity 1107K, committed 1152K, reserved 1048576K
}
Event: 5.860 GC heap before
{Heap before GC invocations=3 (full 0):
 garbage-first heap   total 129024K, used 43574K [0x0000000082000000, 0x0000000100000000)
  region size 1024K, 38 young (38912K), 3 survivors (3072K)
 Metaspace       used 7655K, capacity 8115K, committed 8320K, reserved 1056768K
  class space    used 979K, capacity 1107K, committed 1152K, reserved 1048576K
}
Event: 5.875 GC heap after
{Heap after GC invocations=4 (full 0):
 garbage-first heap   total 129024K, used 9486K [0x0000000082000000, 0x0000000100000000)
  region size 1024K, 3 young (3072K), 3 survivors (3072K)
 Metaspace       used 7655K, capacity 8115K, committed 8320K, reserved 1056768K
  class space    used 979K, capacity 1107K, committed 1152K, reserved 1048576K
}
Event: 9.078 GC heap before
{Heap before GC invocations=4 (full 0):
 garbage-first heap   total 129024K, used 80142K [0x0000000082000000, 0x0000000100000000)
  region size 1024K, 73 young (74752K), 3 survivors (3072K)
 Metaspace       used 15087K, capacity 15817K, committed 16000K, reserved 1062912K
  class space    used 2136K, capacity 2407K, committed 2432K, reserved 1048576K
}

Deoptimization events (0 events):
No events

Classes redefined (0 events):
No events

Internal exceptions (10 events):
Event: 7.522 Thread 0x00000110ee4de800 Exception <a 'java/lang/NoSuchMethodError'{0x000000008819f128}: java.lang.invoke.DirectMethodHandle$Holder.invokeStaticInit(Ljava/lang/Object;Ljava/lang/Object;Ljava/lang/Object;)V> (0x000000008819f128) thrown at [t:/workspace/open/src/hotspot/share/inter
Event: 7.604 Thread 0x00000110ee4de800 Exception <a 'java/lang/NoSuchMethodError'{0x0000000088060628}: java.lang.invoke.DirectMethodHandle$Holder.invokeVirtual(Ljava/lang/Object;Ljava/lang/Object;Ljava/lang/Object;Ljava/lang/Object;)V> (0x0000000088060628) thrown at [t:/workspace/open/src/hots
Event: 7.771 Thread 0x00000110ee4de800 Exception <a 'java/lang/NoSuchMethodError'{0x0000000087de1090}: java.lang.invoke.DirectMethodHandle$Holder.invokeSpecial(Ljava/lang/Object;Ljava/lang/Object;Ljava/lang/Object;Ljava/lang/Object;Ljava/lang/Object;)V> (0x0000000087de1090) thrown at [t:/works
Event: 7.934 Thread 0x00000110ee37a800 Exception <a 'java/lang/reflect/InvocationTargetException'{0x00000000891c6e58}> (0x00000000891c6e58) thrown at [t:/workspace/open/src/hotspot/share/runtime/reflection.cpp, line 1183]
Event: 8.273 Thread 0x00000110ee4de800 Exception <a 'java/lang/NoSuchMethodError'{0x0000000086b02ef8}: org.slf4j.impl.StaticMDCBinder.getSingleton()Lorg/slf4j/impl/StaticMDCBinder;> (0x0000000086b02ef8) thrown at [t:/workspace/open/src/hotspot/share/interpreter/linkResolver.cpp, line 777]
Event: 8.443 Thread 0x00000110ee37a800 Exception <a 'java/lang/reflect/InvocationTargetException'{0x00000000891ccb48}> (0x00000000891ccb48) thrown at [t:/workspace/open/src/hotspot/share/runtime/reflection.cpp, line 1183]
Event: 8.950 Thread 0x00000110ee37a800 Exception <a 'java/lang/reflect/InvocationTargetException'{0x00000000891d2838}> (0x00000000891d2838) thrown at [t:/workspace/open/src/hotspot/share/runtime/reflection.cpp, line 1183]
Event: 9.027 Thread 0x00000110ee4de800 Exception <a 'java/lang/ClassNotFoundException'{0x0000000085612640}: java/lang/ObjectCustomizer> (0x0000000085612640) thrown at [t:/workspace/open/src/hotspot/share/classfile/systemDictionary.cpp, line 235]
Event: 9.037 Thread 0x00000110ee4de800 Exception <a 'java/lang/IncompatibleClassChangeError'{0x00000000856173e0}: Found class java.lang.Object, but interface was expected> (0x00000000856173e0) thrown at [t:/workspace/open/src/hotspot/share/interpreter/linkResolver.cpp, line 843]
Event: 9.065 Thread 0x00000110ee4de800 Exception <a 'java/lang/ClassNotFoundException'{0x0000000085648278}: org/springframework/context/annotation/ConfigurationClassPostProcessorCustomizer> (0x0000000085648278) thrown at [t:/workspace/open/src/hotspot/share/classfile/systemDictionary.cpp, line

Events (10 events):
Event: 9.071 loading class org/hibernate/validator/internal/constraintvalidators/bv/number/sign/NegativeValidatorForFloat done
Event: 9.073 loading class org/hibernate/validator/internal/constraintvalidators/bv/number/sign/NegativeValidatorForLong
Event: 9.073 loading class org/hibernate/validator/internal/constraintvalidators/bv/number/sign/NegativeValidatorForLong done
Event: 9.073 loading class org/springframework/core/BridgeMethodResolver
Event: 9.073 loading class org/springframework/core/BridgeMethodResolver done
Event: 9.075 loading class org/hibernate/validator/internal/constraintvalidators/bv/number/sign/NegativeValidatorForInteger
Event: 9.075 loading class org/hibernate/validator/internal/constraintvalidators/bv/number/sign/NegativeValidatorForInteger done
Event: 9.077 loading class org/hibernate/validator/internal/constraintvalidators/bv/number/sign/NegativeValidatorForShort
Event: 9.077 loading class org/hibernate/validator/internal/constraintvalidators/bv/number/sign/NegativeValidatorForShort done
Event: 9.077 Executing VM operation: G1CollectForAllocation


Dynamic libraries:
0x00007ff721510000 - 0x00007ff72151d000 	C:\Program Files\Java\jdk-12.0.1\bin\javaw.exe
0x00007ff9a8090000 - 0x00007ff9a8285000 	C:\Windows\SYSTEM32\ntdll.dll
0x00007ff9a60c0000 - 0x00007ff9a617d000 	C:\Windows\System32\KERNEL32.DLL
0x00007ff9a57a0000 - 0x00007ff9a5a68000 	C:\Windows\System32\KERNELBASE.dll
0x00007ff9a5fc0000 - 0x00007ff9a60c0000 	C:\Windows\System32\ucrtbase.dll
0x00007ff99ce70000 - 0x00007ff99ce87000 	C:\Program Files\Java\jdk-12.0.1\bin\jli.dll
0x00007ff9a6210000 - 0x00007ff9a63b0000 	C:\Windows\System32\USER32.dll
0x00007ff9a5f90000 - 0x00007ff9a5fb2000 	C:\Windows\System32\win32u.dll
0x00007ff9a6f80000 - 0x00007ff9a6faa000 	C:\Windows\System32\GDI32.dll
0x00007ff99ce30000 - 0x00007ff99ce46000 	C:\Program Files\Java\jdk-12.0.1\bin\VCRUNTIME140.dll
0x00007ff9a5e80000 - 0x00007ff9a5f8b000 	C:\Windows\System32\gdi32full.dll
0x00007ff9a5a70000 - 0x00007ff9a5b0d000 	C:\Windows\System32\msvcp_win.dll
0x00007ff9967a0000 - 0x00007ff996a3a000 	C:\Windows\WinSxS\amd64_microsoft.windows.common-controls_6595b64144ccf1df_6.0.19041.844_none_ca00b6081b84eb1d\COMCTL32.dll
0x00007ff9a6d00000 - 0x00007ff9a6d9e000 	C:\Windows\System32\msvcrt.dll
0x00007ff9a7dc0000 - 0x00007ff9a7df0000 	C:\Windows\System32\IMM32.DLL
0x00007ff984a40000 - 0x00007ff984aea000 	C:\Program Files\Java\jdk-12.0.1\bin\msvcp140.dll
0x00007ff97f090000 - 0x00007ff97fc04000 	C:\Program Files\Java\jdk-12.0.1\bin\server\jvm.dll
0x00007ff9a6ed0000 - 0x00007ff9a6f7c000 	C:\Windows\System32\ADVAPI32.dll
0x00007ff9a7f80000 - 0x00007ff9a801b000 	C:\Windows\System32\sechost.dll
0x00007ff9a6410000 - 0x00007ff9a653b000 	C:\Windows\System32\RPCRT4.dll
0x00007ff9a6e50000 - 0x00007ff9a6e58000 	C:\Windows\System32\PSAPI.DLL
0x00007ff9a12e0000 - 0x00007ff9a12e9000 	C:\Windows\SYSTEM32\WSOCK32.dll
0x00007ff9a6e60000 - 0x00007ff9a6ecb000 	C:\Windows\System32\WS2_32.dll
0x00007ff9931a0000 - 0x00007ff9931c7000 	C:\Windows\SYSTEM32\WINMM.dll
0x00007ff996a40000 - 0x00007ff996a4a000 	C:\Windows\SYSTEM32\VERSION.dll
0x00007ff9a36b0000 - 0x00007ff9a36c2000 	C:\Windows\SYSTEM32\kernel.appcore.dll
0x00007ff99ca50000 - 0x00007ff99ca61000 	C:\Program Files\Java\jdk-12.0.1\bin\verify.dll
0x00007ff995a30000 - 0x00007ff995c14000 	C:\Windows\SYSTEM32\DBGHELP.DLL
0x00007ff995760000 - 0x00007ff99578c000 	C:\Windows\SYSTEM32\dbgcore.DLL
0x00007ff9a5c10000 - 0x00007ff9a5c90000 	C:\Windows\System32\bcryptPrimitives.dll
0x00007ff99c8e0000 - 0x00007ff99c906000 	C:\Program Files\Java\jdk-12.0.1\bin\java.dll
0x00007ff99c8c0000 - 0x00007ff99c8d7000 	C:\Program Files\Java\jdk-12.0.1\bin\zip.dll
0x00007ff99ce60000 - 0x00007ff99ce6a000 	C:\Program Files\Java\jdk-12.0.1\bin\jimage.dll
0x00007ff9a6540000 - 0x00007ff9a6c82000 	C:\Windows\System32\SHELL32.dll
0x00007ff9a38b0000 - 0x00007ff9a4040000 	C:\Windows\SYSTEM32\windows.storage.dll
0x00007ff9a7230000 - 0x00007ff9a7585000 	C:\Windows\System32\combase.dll
0x00007ff9a5070000 - 0x00007ff9a509c000 	C:\Windows\SYSTEM32\Wldp.dll
0x00007ff9a7df0000 - 0x00007ff9a7e9e000 	C:\Windows\System32\SHCORE.dll
0x00007ff9a63b0000 - 0x00007ff9a6405000 	C:\Windows\System32\shlwapi.dll
0x00007ff9a56e0000 - 0x00007ff9a56ff000 	C:\Windows\SYSTEM32\profapi.dll
0x00007ff99c8a0000 - 0x00007ff99c8b9000 	C:\Program Files\Java\jdk-12.0.1\bin\net.dll
0x00007ff9992f0000 - 0x00007ff9993fb000 	C:\Windows\SYSTEM32\WINHTTP.dll
0x00007ff998be0000 - 0x00007ff998dce000 	C:\Windows\SYSTEM32\urlmon.dll
0x00007ff9995d0000 - 0x00007ff999880000 	C:\Windows\SYSTEM32\iertutil.dll
0x00007ff9a4e50000 - 0x00007ff9a4eba000 	C:\Windows\system32\mswsock.dll
0x00007ff999f00000 - 0x00007ff999f13000 	C:\Program Files\Java\jdk-12.0.1\bin\nio.dll
0x00007ff99ce20000 - 0x00007ff99ce29000 	C:\Program Files\Java\jdk-12.0.1\bin\management.dll
0x00007ff99aa90000 - 0x00007ff99aa9c000 	C:\Program Files\Java\jdk-12.0.1\bin\management_ext.dll
0x00007ff992e80000 - 0x00007ff992e97000 	C:\Windows\system32\napinsp.dll
0x00007ff992e60000 - 0x00007ff992e7b000 	C:\Windows\system32\pnrpnsp.dll
0x00007ff992e40000 - 0x00007ff992e55000 	C:\Windows\system32\wshbth.dll
0x00007ff9a1210000 - 0x00007ff9a122d000 	C:\Windows\system32\NLAapi.dll
0x00007ff9a4b60000 - 0x00007ff9a4b9b000 	C:\Windows\SYSTEM32\IPHLPAPI.DLL
0x00007ff9a4ba0000 - 0x00007ff9a4c6c000 	C:\Windows\SYSTEM32\DNSAPI.dll
0x00007ff9a6c90000 - 0x00007ff9a6c98000 	C:\Windows\System32\NSI.dll
0x00007ff992df0000 - 0x00007ff992e02000 	C:\Windows\System32\winrnr.dll
0x00007ff998bd0000 - 0x00007ff998bda000 	C:\Windows\System32\rasadhlp.dll
0x00007ff9990e0000 - 0x00007ff99915f000 	C:\Windows\System32\fwpuclnt.dll
0x00007ff9a5c90000 - 0x00007ff9a5cb7000 	C:\Windows\System32\bcrypt.dll
0x00007ff9a50b0000 - 0x00007ff9a50c8000 	C:\Windows\SYSTEM32\CRYPTSP.dll
0x00007ff9a4810000 - 0x00007ff9a4844000 	C:\Windows\system32\rsaenh.dll
0x00007ff9a5660000 - 0x00007ff9a568e000 	C:\Windows\SYSTEM32\USERENV.dll
0x00007ff9a4fd0000 - 0x00007ff9a4fdc000 	C:\Windows\SYSTEM32\CRYPTBASE.dll
0x00007ff99e0e0000 - 0x00007ff99e0f7000 	C:\Windows\SYSTEM32\dhcpcsvc6.DLL
0x00007ff99ed20000 - 0x00007ff99ed3d000 	C:\Windows\SYSTEM32\dhcpcsvc.DLL

dbghelp: loaded successfully - version: 4.0.5 - missing functions: none
symbol engine: initialized successfully - sym options: 0x614 - pdb path: .;C:\Program Files\Java\jdk-12.0.1\bin;C:\Windows\SYSTEM32;C:\Windows\WinSxS\amd64_microsoft.windows.common-controls_6595b64144ccf1df_6.0.19041.844_none_ca00b6081b84eb1d;C:\Program Files\Java\jdk-12.0.1\bin\server

VM Arguments:
jvm_args: -Dcom.sun.management.jmxremote -Dcom.sun.management.jmxremote.port=56832 -Dcom.sun.management.jmxremote.authenticate=false -Dcom.sun.management.jmxremote.ssl=false -Djava.rmi.server.hostname=localhost -Dspring.jmx.enabled=true -Dspring.application.admin.enabled=true -XX:TieredStopAtLevel=1 -Dspring.boot.project.name=apiSecurity -Dfile.encoding=UTF-8 
java_command: com.security.demo.ApiSecurityApplication --spring.output.ansi.enabled=always
java_class_path (initial): C:\Users\Adielmo\Documents\workspace-spring-tool-suite-4-4.9.0.RELEASE\apiSecurity\target\classes;C:\Users\Adielmo\.m2\repository\org\springframework\boot\spring-boot-starter-data-jpa\2.5.1\spring-boot-starter-data-jpa-2.5.1.jar;C:\Users\Adielmo\.m2\repository\org\springframework\boot\spring-boot-starter-aop\2.5.1\spring-boot-starter-aop-2.5.1.jar;C:\Users\Adielmo\.m2\repository\org\aspectj\aspectjweaver\1.9.6\aspectjweaver-1.9.6.jar;C:\Users\Adielmo\.m2\repository\org\springframework\boot\spring-boot-starter-jdbc\2.5.1\spring-boot-starter-jdbc-2.5.1.jar;C:\Users\Adielmo\.m2\repository\com\zaxxer\HikariCP\4.0.3\HikariCP-4.0.3.jar;C:\Users\Adielmo\.m2\repository\org\springframework\spring-jdbc\5.3.8\spring-jdbc-5.3.8.jar;C:\Users\Adielmo\.m2\repository\jakarta\transaction\jakarta.transaction-api\1.3.3\jakarta.transaction-api-1.3.3.jar;C:\Users\Adielmo\.m2\repository\jakarta\persistence\jakarta.persistence-api\2.2.3\jakarta.persistence-api-2.2.3.jar;C:\Users\Adielmo\.m2\repository\org\hibernate\hibernate-core\5.4.32.Final\hibernate-core-5.4.32.Final.jar;C:\Users\Adielmo\.m2\repository\org\jboss\logging\jboss-logging\3.4.2.Final\jboss-logging-3.4.2.Final.jar;C:\Users\Adielmo\.m2\repository\org\javassist\javassist\3.27.0-GA\javassist-3.27.0-GA.jar;C:\Users\Adielmo\.m2\repository\net\bytebuddy\byte-buddy\1.10.22\byte-buddy-1.10.22.jar;C:\Users\Adielmo\.m2\repository\antlr\antlr\2.7.7\antlr-2.7.7.jar;C:\Users\Adielmo\.m2\repository\org\jboss\jandex\2.2.3.Final\jandex-2.2.3.Final.jar;C:\Users\Adielmo\.m2\repository\com\fasterxml\classmate\1.5.1\classmate-1.5.1.jar;C:\Users\Adielmo\.m2\repository\org\dom4j\dom4j\2.1.3\dom4j-2.1.3.jar;C:\Users\Adielmo\.m2\repository\org\hibernate\common\hibernate-commons-annotations\5.1.2.Final\hibernate-commons-annotations-5.1.2.Final.jar;C:\Users\Adielmo\.m2\repository\org\glassfish\jaxb\jaxb-runtime\2.3.4\jaxb-runtime-2.3.4.jar;C:\Users\Adielmo\.m2\repository\org\glassfish\jaxb\txw2\2.3.4\txw2-2.3.4.jar;C:\Use
Launcher Type: SUN_STANDARD

[Global flags]
     intx CICompilerCount                          = 3                                         {product} {ergonomic}
     uint ConcGCThreads                            = 1                                         {product} {ergonomic}
     uint G1ConcRefinementThreads                  = 4                                         {product} {ergonomic}
   size_t G1HeapRegionSize                         = 1048576                                   {product} {ergonomic}
    uintx GCDrainStackTargetSize                   = 64                                        {product} {ergonomic}
   size_t InitialHeapSize                          = 132120576                                 {product} {ergonomic}
     bool ManagementServer                         = true                                      {product} {command line}
   size_t MarkStackSize                            = 4194304                                   {product} {ergonomic}
   size_t MaxHeapSize                              = 2113929216                                {product} {ergonomic}
   size_t MaxNewSize                               = 1267728384                                {product} {ergonomic}
   size_t MinHeapDeltaBytes                        = 1048576                                   {product} {ergonomic}
    uintx NonNMethodCodeHeapSize                   = 6973028                                {pd product} {ergonomic}
    uintx NonProfiledCodeHeapSize                  = 244685212                              {pd product} {ergonomic}
    uintx ProfiledCodeHeapSize                     = 0                                      {pd product} {ergonomic}
    uintx ReservedCodeCacheSize                    = 251658240                              {pd product} {ergonomic}
     bool SegmentedCodeCache                       = true                                      {product} {ergonomic}
     intx TieredStopAtLevel                        = 1                                         {product} {command line}
     bool UseCompressedClassPointers               = true                                 {lp64_product} {ergonomic}
     bool UseCompressedOops                        = true                                 {lp64_product} {ergonomic}
     bool UseG1GC                                  = true                                      {product} {ergonomic}
     bool UseLargePagesIndividualAllocation        = false                                  {pd product} {ergonomic}

Logging:
Log output configuration:
 #0: stdout all=warning uptime,level,tags
 #1: stderr all=off uptime,level,tags

Environment Variables:
JAVA_HOME=C:\Program Files\Java\jdk-12.0.1
PATH=C:/Users/Adielmo/sts-4.9.0.RELEASE//plugins/org.eclipse.justj.openjdk.hotspot.jre.full.win32.x86_64_15.0.1.v20201027-0507/jre/bin/server;C:/Users/Adielmo/sts-4.9.0.RELEASE//plugins/org.eclipse.justj.openjdk.hotspot.jre.full.win32.x86_64_15.0.1.v20201027-0507/jre/bin;C:\Program Files\Java\jdk-12.0.1\bin;C:\Program Files (x86)\Common Files\Oracle\Java\javapath;C:\Windows\system32;C:\Windows;C:\Windows\System32\Wbem;C:\Windows\System32\WindowsPowerShell\v1.0\;C:\Windows\System32\OpenSSH\;C:\Program Files\Git\cmd;;C:\Program Files\Docker\Docker\resources\bin;C:\ProgramData\DockerDesktop\version-bin;C:\Program Files\MySQL\MySQL Shell 8.0\bin\;C:\Users\Adielmo\AppData\Local\Microsoft\WindowsApps;C:\Program Files\heroku\bin;C:\Users\Adielmo\sts-4.9.0.RELEASE;
USERNAME=Adielmo
OS=Windows_NT
PROCESSOR_IDENTIFIER=Intel64 Family 6 Model 58 Stepping 9, GenuineIntel



---------------  S Y S T E M  ---------------

OS: Windows 10 , 64 bit Build 19041 (10.0.19041.928)

CPU:total 4 (initial active 4) (2 cores per cpu, 2 threads per core) family 6 model 58 stepping 9, cmov, cx8, fxsr, mmx, sse, sse2, sse3, ssse3, sse4.1, sse4.2, popcnt, avx, aes, clmul, erms, ht, tsc, tscinvbit, tscinv

Memory: 4k page, system-wide physical 8058M (907M free)
TotalPageFile size 8058M (AvailPageFile size 12M)
current process WorkingSet (physical memory assigned to process): 146M, peak: 146M
current process commit charge ("private bytes"): 219M, peak: 245M

vm_info: OpenJDK 64-Bit Server VM (12.0.1+12) for windows-amd64 JRE (12.0.1+12), built on Apr  2 2019 08:16:31 by "mach5one" with MS VC++ 15.5 (VS2017)

END.
